Arguments: 
  /home/ymc182/.nvm/versions/node/v16.14.0/bin/node /home/ymc182/.yarn/bin/yarn.js add -D typesceipt

PATH: 
  /home/ymc182/.yarn/bin:/home/ymc182/.config/yarn/global/node_modules/.bin:/home/ymc182/.local/share/pnpm:/home/ymc182/.bun/bin:/home/ymc182/.local/share/solana/install/active_release/bin:/home/ymc182/.nvm/versions/node/v16.14.0/bin:/home/ymc182/.cargo/bin:/usr/local/sbin:/usr/local/bin:/usr/sbin:/usr/bin:/sbin:/bin:/usr/games:/usr/local/games:/usr/lib/wsl/lib:/mnt/c/Program Files/ImageMagick-7.1.0-Q16-HDRI:/mnt/c/Program Files/Common Files/Oracle/Java/javapath:/mnt/c/Program Files (x86)/Common Files/Oracle/Java/javapath:/mnt/c/Program Files/Oculus/Support/oculus-runtime:/mnt/c/Windows/system32:/mnt/c/Windows:/mnt/c/Windows/System32/Wbem:/mnt/c/Windows/System32/WindowsPowerShell/v1.0/:/mnt/c/Windows/System32/OpenSSH/:/mnt/c/Program Files (x86)/Intel/Intel(R) Management Engine Components/DAL:/mnt/c/Program Files/Intel/Intel(R) Management Engine Components/DAL:/mnt/c/Program Files/Git/cmd:/mnt/c/Program Files (x86)/Windows Kits/10/Windows Performance Toolkit/:/mnt/c/WINDOWS/system32:/mnt/c/WINDOWS:/mnt/c/WINDOWS/System32/Wbem:/mnt/c/WINDOWS/System32/WindowsPowerShell/v1.0/:/mnt/c/WINDOWS/System32/OpenSSH/:/mnt/c/Program Files/Microsoft SQL Server/130/Tools/Binn/:/mnt/c/Users/ymc18/AppData/Roaming/nvm:/mnt/c/Program Files/nodejs:/mnt/c/Program Files/dotnet/:/mnt/c/bin/php:/mnt/c/ProgramData/ComposerSetup/bin:/mnt/c/xampp/php:/mnt/c/Program Files/nodejs/:/mnt/c/Program Files (x86)/NVIDIA Corporation/PhysX/Common:/mnt/c/Program Files/PostgreSQL/14/bin:/mnt/c/Program Files/Docker/Docker/resources/bin:/mnt/c/ProgramData/DockerDesktop/version-bin:/mnt/c/Users/ymc18/.local/share/solana/install/active_release/bin:/mnt/c/Users/ymc18/.cargo/bin:/mnt/c/Users/ymc18/AppData/Local/Programs/Python/Python39/Scripts/:/mnt/c/Users/ymc18/AppData/Local/Programs/Python/Python39/:/mnt/c/Users/ymc18/AppData/Local/Microsoft/WindowsApps:/mnt/c/Program Files/heroku/bin:/mnt/c/Program Files/JetBrains/PyCharm Community Edition 2021.2/bin:/mnt/c/Users/ymc18/AppData/Local/atom/bin:/mnt/c/Users/ymc18/AppData/Local/GitHubDesktop/bin:/mnt/c/Users/ymc18/AppData/Local/Programs/Microsoft VS Code/bin:/mnt/c/Users/ymc18/.dotnet/tools:/mnt/c/Users/ymc18/AppData/Roaming/Composer/vendor/bin:/mnt/c/Exercism:/mnt/c/Users/ymc18/AppData/Roaming/npm:/mnt/c/Program Files/JetBrains/IntelliJ IDEA 2021.3.3/bin:/mnt/c/Users/ymc18/.deno/bin:/mnt/c/Users/ymc18/AppData/Local/JetBrains/Toolbox/scripts:/mnt/c/Program Files/JetBrains/IntelliJ IDEA Community Edition 2022.3/bin:/Applications/Visual Studio Code.app/Contents/Resources/app/bin

Yarn version: 
  1.22.19

Node version: 
  16.14.0

Platform: 
  linux x64

Trace: 
  Error: https://registry.npmjs.org/typesceipt: Not found
      at Request.params.callback [as _callback] (/home/ymc182/.yarn/lib/cli.js:66145:18)
      at Request.self.callback (/home/ymc182/.yarn/lib/cli.js:140890:22)
      at Request.emit (node:events:520:28)
      at Request.<anonymous> (/home/ymc182/.yarn/lib/cli.js:141862:10)
      at Request.emit (node:events:520:28)
      at IncomingMessage.<anonymous> (/home/ymc182/.yarn/lib/cli.js:141784:12)
      at Object.onceWrapper (node:events:639:28)
      at IncomingMessage.emit (node:events:532:35)
      at endReadableNT (node:internal/streams/readable:1346:12)
      at processTicksAndRejections (node:internal/process/task_queues:83:21)

npm manifest: 
  {
    "name": "EchoBackend",
    "version": "1.0.0",
    "main": "index.js",
    "license": "MIT"
  }

yarn manifest: 
  No manifest

Lockfile: 
  No lockfile
